#! /c/Source/iverilog-install/bin/vvp
:ivl_version "12.0 (devel)" "(s20150603-1539-g2693dd32b)";
:ivl_delay_selection "TYPICAL";
:vpi_time_precision + 0;
:vpi_module "C:\iverilog\lib\ivl\system.vpi";
:vpi_module "C:\iverilog\lib\ivl\vhdl_sys.vpi";
:vpi_module "C:\iverilog\lib\ivl\vhdl_textio.vpi";
:vpi_module "C:\iverilog\lib\ivl\v2005_math.vpi";
:vpi_module "C:\iverilog\lib\ivl\va_math.vpi";
S_000001b916e0b100 .scope module, "and_using_mux_tb" "and_using_mux_tb" 2 1;
 .timescale 0 0;
v000001b916e0da30_0 .var "a", 0 0;
v000001b916e0dad0_0 .var "b", 0 0;
v000001b916d037e0_0 .net "y", 0 0, L_000001b916cd3510;  1 drivers
S_000001b916e0b8a0 .scope module, "uut" "and_using_mux" 2 4, 3 7 0, S_000001b916e0b100;
 .timescale 0 0;
    .port_info 0 /INPUT 1 "a";
    .port_info 1 /INPUT 1 "b";
    .port_info 2 /OUTPUT 1 "y";
v000001b916e0d850_0 .net "a", 0 0, v000001b916e0da30_0;  1 drivers
v000001b916e0d8f0_0 .net "b", 0 0, v000001b916e0dad0_0;  1 drivers
v000001b916e0d990_0 .net "y", 0 0, L_000001b916cd3510;  alias, 1 drivers
S_000001b916d06a70 .scope module, "m1" "mux_2x1" 3 10, 3 1 0, S_000001b916e0b8a0;
 .timescale 0 0;
    .port_info 0 /INPUT 1 "a";
    .port_info 1 /INPUT 1 "b";
    .port_info 2 /INPUT 1 "sel";
    .port_info 3 /OUTPUT 1 "y";
L_000001b916d06e80 .functor NOT 1, v000001b916e0da30_0, C4<0>, C4<0>, C4<0>;
L_000001b916d52038 .functor BUFT 1, C4<0>, C4<0>, C4<0>, C4<0>;
L_000001b916e09da0 .functor AND 1, L_000001b916d52038, L_000001b916d06e80, C4<1>, C4<1>;
L_000001b916cd33b0 .functor AND 1, v000001b916e0dad0_0, v000001b916e0da30_0, C4<1>, C4<1>;
L_000001b916cd3510 .functor OR 1, L_000001b916e09da0, L_000001b916cd33b0, C4<0>, C4<0>;
v000001b916e09d00_0 .net *"_ivl_0", 0 0, L_000001b916d06e80;  1 drivers
v000001b916e0ba30_0 .net *"_ivl_2", 0 0, L_000001b916e09da0;  1 drivers
v000001b916d06c00_0 .net *"_ivl_4", 0 0, L_000001b916cd33b0;  1 drivers
v000001b916d06ca0_0 .net "a", 0 0, L_000001b916d52038;  1 drivers
v000001b916d06d40_0 .net "b", 0 0, v000001b916e0dad0_0;  alias, 1 drivers
v000001b916d06de0_0 .net "sel", 0 0, v000001b916e0da30_0;  alias, 1 drivers
v000001b916e0d7b0_0 .net "y", 0 0, L_000001b916cd3510;  alias, 1 drivers
    .scope S_000001b916e0b100;
T_0 ;
    %pushi/vec4 0, 0, 1;
    %store/vec4 v000001b916e0da30_0, 0, 1;
    %pushi/vec4 0, 0, 1;
    %store/vec4 v000001b916e0dad0_0, 0, 1;
    %delay 100, 0;
    %pushi/vec4 0, 0, 1;
    %store/vec4 v000001b916e0da30_0, 0, 1;
    %pushi/vec4 1, 0, 1;
    %store/vec4 v000001b916e0dad0_0, 0, 1;
    %delay 100, 0;
    %pushi/vec4 1, 0, 1;
    %store/vec4 v000001b916e0da30_0, 0, 1;
    %pushi/vec4 0, 0, 1;
    %store/vec4 v000001b916e0dad0_0, 0, 1;
    %delay 100, 0;
    %pushi/vec4 1, 0, 1;
    %store/vec4 v000001b916e0da30_0, 0, 1;
    %pushi/vec4 1, 0, 1;
    %store/vec4 v000001b916e0dad0_0, 0, 1;
    %delay 100, 0;
    %vpi_call 2 14 "$finish" {0 0 0};
    %end;
    .thread T_0;
    .scope S_000001b916e0b100;
T_1 ;
    %vpi_call 2 16 "$monitor", "a=%b b=%b y=%b", v000001b916e0da30_0, v000001b916e0dad0_0, v000001b916d037e0_0 {0 0 0};
    %end;
    .thread T_1;
# The file index is used to find the file name in the following table.
:file_names 4;
    "N/A";
    "<interactive>";
    "and_using_mux_tb.v";
    "and_using_mux.v";
